<?xml version="1.0" encoding="UTF-8" ?>
<testsuite errors="0" failures="0" hostname="kali" name="OperatorFinderTest" skipped="0" tests="5" time="0.187" timestamp="2020-11-14T12:27:32">
  <properties>
[...]
</properties>
  <testcase classname="OperatorFinderTest" name="testCase1" time="0.085" />
  <testcase classname="OperatorFinderTest" name="testCase2" time="0.006" />
  <testcase classname="OperatorFinderTest" name="testCase3" time="0.025" />
  <testcase classname="OperatorFinderTest" name="testCase4" time="0.001" />
  <testcase classname="OperatorFinderTest" name="testCase5" time="0.0" />
  <system-out><![CDATA[]]></system-out>
  <system-err><![CDATA[]]></system-err>
</testsuite>
